2025-11-30 12:25:30,122 [WARNING] app: Resposta vazia do peer vm_giga@CIC!
2025-11-30 12:25:35,128 [WARNING] app: Falha ao conectar com elvis@CIC: 
2025-11-30 12:25:40,133 [WARNING] app: Falha ao conectar com alice@CIC: 
2025-11-30 12:25:45,142 [WARNING] app: Falha ao conectar com gus@CIC: 
2025-11-30 12:25:50,144 [WARNING] app: Falha ao conectar com marcinoni@UnB: 
2025-11-30 12:25:55,219 [WARNING] app: Falha ao conectar com neatzzy@CIC: 
2025-11-30 12:26:01,211 [WARNING] app: Falha ao conectar com carlos@CIC: 
2025-11-30 12:27:27,367 [WARNING] app: Resposta vazia do peer vm_giga@CIC!
2025-11-30 12:30:05,884 [WARNING] app: Resposta vazia do peer vm_giga@CIC!
2025-11-30 12:30:10,891 [WARNING] app: Falha ao conectar com elvis@CIC: 
2025-11-30 12:30:15,904 [WARNING] app: Falha ao conectar com alice@CIC: 
2025-11-30 12:30:20,916 [WARNING] app: Falha ao conectar com gus@CIC: 
2025-11-30 12:30:25,921 [WARNING] app: Falha ao conectar com marcinoni@UnB: 
2025-11-30 12:30:30,937 [WARNING] app: Falha ao conectar com neatzzy@CIC: 
2025-11-30 12:30:35,949 [WARNING] app: Falha ao conectar com carlos@CIC: 
2025-11-30 12:38:00,998 [WARNING] app: Falha ao conectar com elvis@CIC: 
2025-11-30 12:38:06,005 [WARNING] app: Falha ao conectar com alice@CIC: 
2025-11-30 12:38:11,017 [WARNING] app: Falha ao conectar com gus@CIC: 
2025-11-30 12:38:16,027 [WARNING] app: Falha ao conectar com marcinoni@UnB: 
2025-11-30 12:38:21,041 [WARNING] app: Falha ao conectar com neatzzy@CIC: 
2025-11-30 12:38:23,153 [WARNING] app: Falha ao conectar com vitebas@UNB: [WinError 1225] O computador remoto recusou a conexão de rede
2025-11-30 12:45:24,297 [WARNING] app: Falha ao conectar com elvis@CIC: 
2025-11-30 12:45:29,312 [WARNING] app: Falha ao conectar com alice@CIC: 
2025-11-30 12:45:34,322 [WARNING] app: Falha ao conectar com gus@CIC: 
2025-11-30 12:45:39,332 [WARNING] app: Falha ao conectar com marcinoni@UnB: 
2025-11-30 12:45:44,343 [WARNING] app: Falha ao conectar com neatzzy@CIC: 
2025-11-30 12:45:46,433 [WARNING] app: Falha ao conectar com vitebas@UNB: [WinError 1225] O computador remoto recusou a conexão de rede
2025-11-30 13:00:26,396 [WARNING] app: Falha ao conectar com elvis@CIC: 
2025-11-30 13:00:31,406 [WARNING] app: Falha ao conectar com alice@CIC: 
2025-11-30 13:00:36,422 [WARNING] app: Falha ao conectar com gus@CIC: 
2025-11-30 13:00:41,436 [WARNING] app: Falha ao conectar com marcinoni@UnB: 
2025-11-30 13:00:46,449 [WARNING] app: Falha ao conectar com neatzzy@CIC: 
2025-11-30 13:00:48,554 [WARNING] app: Falha ao conectar com vitebas@UNB: [WinError 1225] O computador remoto recusou a conexão de rede
2025-11-30 13:00:53,559 [WARNING] app: Falha ao conectar com lucas@hell: 
2025-11-30 13:04:24,621 [WARNING] app: Falha ao conectar com elvis@CIC: 
2025-11-30 13:04:29,634 [WARNING] app: Falha ao conectar com alice@CIC: 
2025-11-30 13:04:34,637 [WARNING] app: Falha ao conectar com gus@CIC: 
2025-11-30 13:04:39,641 [WARNING] app: Falha ao conectar com marcinoni@UnB: 
2025-11-30 13:04:44,651 [WARNING] app: Falha ao conectar com neatzzy@CIC: 
2025-11-30 13:04:46,747 [WARNING] app: Falha ao conectar com vitebas@UNB: [WinError 1225] O computador remoto recusou a conexão de rede
2025-11-30 13:04:51,752 [WARNING] app: Falha ao conectar com lucas@hell: 
2025-11-30 13:07:03,168 [WARNING] app: Falha ao conectar com elvis@CIC: 
2025-11-30 13:07:08,182 [WARNING] app: Falha ao conectar com alice@CIC: 
2025-11-30 13:07:13,193 [WARNING] app: Falha ao conectar com gus@CIC: 
2025-11-30 13:07:18,206 [WARNING] app: Falha ao conectar com marcinoni@UnB: 
2025-11-30 13:07:23,217 [WARNING] app: Falha ao conectar com neatzzy@CIC: 
2025-11-30 13:07:25,311 [WARNING] app: Falha ao conectar com vitebas@UNB: [WinError 1225] O computador remoto recusou a conexão de rede
2025-11-30 13:07:30,319 [WARNING] app: Falha ao conectar com lucas@hell: 
2025-11-30 13:07:35,333 [WARNING] app: Falha ao conectar com roberto@UNB: 
2025-11-30 13:16:23,300 [WARNING] app: Falha ao conectar com elvis@CIC: 
2025-11-30 13:16:28,305 [WARNING] app: Falha ao conectar com alice@CIC: 
2025-11-30 13:16:33,310 [WARNING] app: Falha ao conectar com gus@CIC: 
2025-11-30 13:16:38,320 [WARNING] app: Falha ao conectar com marcinoni@UnB: 
2025-11-30 13:16:43,322 [WARNING] app: Falha ao conectar com neatzzy@CIC: 
2025-11-30 13:16:45,416 [WARNING] app: Falha ao conectar com vitebas@UNB: [WinError 1225] O computador remoto recusou a conexão de rede
2025-11-30 13:16:50,431 [WARNING] app: Falha ao conectar com lucas@hell: 
2025-11-30 13:16:55,433 [WARNING] app: Falha ao conectar com roberto@UNB: 
2025-11-30 13:17:00,439 [WARNING] app: Falha ao conectar com carlos@CIC: 
2025-11-30 14:05:26,119 [WARNING] app: Falha ao conectar com davi_61038@UNB: [WinError 1225] O computador remoto recusou a conexão de rede
2025-11-30 14:06:06,449 [WARNING] app: Falha ao conectar com davi_61038@UNB: [WinError 1225] O computador remoto recusou a conexão de rede
2025-11-30 14:06:08,485 [WARNING] app: Falha ao conectar com davi_61045@UNB: [WinError 1225] O computador remoto recusou a conexão de rede
2025-11-30 14:10:19,809 [WARNING] app: Falha ao conectar com davi_61038@UNB: [WinError 1225] O computador remoto recusou a conexão de rede
2025-11-30 14:10:21,387 [WARNING] app: Falha ao conectar com davi_61038@UNB: [WinError 1225] O computador remoto recusou a conexão de rede
2025-11-30 14:10:21,849 [WARNING] app: Falha ao conectar com davi_61045@UNB: [WinError 1225] O computador remoto recusou a conexão de rede
2025-11-30 14:10:23,420 [WARNING] app: Falha ao conectar com davi_61045@UNB: [WinError 1225] O computador remoto recusou a conexão de rede
2025-11-30 14:10:23,884 [WARNING] app: Falha ao conectar com davi_61054@UNB: [WinError 1225] O computador remoto recusou a conexão de rede
2025-11-30 14:10:25,465 [WARNING] app: Falha ao conectar com davi_61054@UNB: [WinError 1225] O computador remoto recusou a conexão de rede
2025-11-30 14:10:27,509 [WARNING] app: Falha ao conectar com davi_63267@UNB: [WinError 1225] O computador remoto recusou a conexão de rede
2025-11-30 14:19:19,677 [WARNING] app: Falha ao conectar com davi_61038@UNB: [WinError 1225] O computador remoto recusou a conexão de rede
2025-11-30 14:19:20,908 [WARNING] app: Falha ao conectar com davi_61038@UNB: [WinError 1225] O computador remoto recusou a conexão de rede
2025-11-30 14:19:21,717 [WARNING] app: Falha ao conectar com davi_61045@UNB: [WinError 1225] O computador remoto recusou a conexão de rede
2025-11-30 14:19:22,942 [WARNING] app: Falha ao conectar com davi_61045@UNB: [WinError 1225] O computador remoto recusou a conexão de rede
2025-11-30 14:19:23,766 [WARNING] app: Falha ao conectar com davi_61054@UNB: [WinError 1225] O computador remoto recusou a conexão de rede
2025-11-30 14:19:24,979 [WARNING] app: Falha ao conectar com davi_61054@UNB: [WinError 1225] O computador remoto recusou a conexão de rede
2025-11-30 14:19:25,816 [WARNING] app: Falha ao conectar com davi_63267@UNB: [WinError 1225] O computador remoto recusou a conexão de rede
2025-11-30 14:19:27,026 [WARNING] app: Falha ao conectar com davi_63267@UNB: [WinError 1225] O computador remoto recusou a conexão de rede
2025-11-30 14:19:27,861 [WARNING] app: Falha ao conectar com davi_63273@UNB: [WinError 1225] O computador remoto recusou a conexão de rede
2025-11-30 14:19:29,071 [WARNING] app: Falha ao conectar com davi_63273@UNB: [WinError 1225] O computador remoto recusou a conexão de rede
2025-11-30 14:21:21,890 [WARNING] app: Resposta vazia do peer desconhecido_3317!
2025-11-30 14:24:03,250 [WARNING] app: Falha ao conectar com davi_61038@UNB: [WinError 1225] O computador remoto recusou a conexão de rede
2025-11-30 14:24:05,296 [WARNING] app: Falha ao conectar com davi_61045@UNB: [WinError 1225] O computador remoto recusou a conexão de rede
2025-11-30 14:24:07,332 [WARNING] app: Falha ao conectar com davi_61054@UNB: [WinError 1225] O computador remoto recusou a conexão de rede
2025-11-30 14:24:08,344 [WARNING] app: Falha ao conectar com davi_61038@UNB: [WinError 1225] O computador remoto recusou a conexão de rede
2025-11-30 14:24:09,380 [WARNING] app: Falha ao conectar com davi_63267@UNB: [WinError 1225] O computador remoto recusou a conexão de rede
2025-11-30 14:24:10,384 [WARNING] app: Falha ao conectar com davi_61045@UNB: [WinError 1225] O computador remoto recusou a conexão de rede
2025-11-30 14:24:11,423 [WARNING] app: Falha ao conectar com davi_63273@UNB: [WinError 1225] O computador remoto recusou a conexão de rede
2025-11-30 14:24:12,433 [WARNING] app: Falha ao conectar com davi_61054@UNB: [WinError 1225] O computador remoto recusou a conexão de rede
2025-11-30 14:24:13,472 [WARNING] app: Falha ao conectar com davi_3295@UNB: [WinError 1225] O computador remoto recusou a conexão de rede
2025-11-30 14:24:14,483 [WARNING] app: Falha ao conectar com davi_63267@UNB: [WinError 1225] O computador remoto recusou a conexão de rede
2025-11-30 14:24:15,520 [WARNING] app: Falha ao conectar com davi_3301@UNB: [WinError 1225] O computador remoto recusou a conexão de rede
2025-11-30 14:24:16,527 [WARNING] app: Falha ao conectar com davi_63273@UNB: [WinError 1225] O computador remoto recusou a conexão de rede
2025-11-30 14:24:18,561 [WARNING] app: Falha ao conectar com davi_3295@UNB: [WinError 1225] O computador remoto recusou a conexão de rede
2025-11-30 14:24:20,604 [WARNING] app: Falha ao conectar com davi_3301@UNB: [WinError 1225] O computador remoto recusou a conexão de rede
2025-11-30 14:35:30,954 [WARNING] app: Resposta vazia do peer davi_38241@UNB!
2025-11-30 14:35:54,254 [WARNING] app: Falha ao conectar com davi_61038@UNB: [WinError 1225] O computador remoto recusou a conexão de rede
2025-11-30 14:35:56,294 [WARNING] app: Falha ao conectar com davi_61045@UNB: [WinError 1225] O computador remoto recusou a conexão de rede
2025-11-30 14:35:56,433 [WARNING] app: Falha ao conectar com davi_61038@UNB: [WinError 1225] O computador remoto recusou a conexão de rede
2025-11-30 14:35:58,341 [WARNING] app: Falha ao conectar com davi_61054@UNB: [WinError 1225] O computador remoto recusou a conexão de rede
2025-11-30 14:35:58,482 [WARNING] app: Falha ao conectar com davi_61045@UNB: [WinError 1225] O computador remoto recusou a conexão de rede
2025-11-30 14:36:00,382 [WARNING] app: Falha ao conectar com davi_63267@UNB: [WinError 1225] O computador remoto recusou a conexão de rede
2025-11-30 14:36:00,523 [WARNING] app: Falha ao conectar com davi_61054@UNB: [WinError 1225] O computador remoto recusou a conexão de rede
2025-11-30 14:36:02,422 [WARNING] app: Falha ao conectar com davi_63273@UNB: [WinError 1225] O computador remoto recusou a conexão de rede
2025-11-30 14:36:02,564 [WARNING] app: Falha ao conectar com davi_63267@UNB: [WinError 1225] O computador remoto recusou a conexão de rede
2025-11-30 14:36:04,464 [WARNING] app: Falha ao conectar com davi_3295@UNB: [WinError 1225] O computador remoto recusou a conexão de rede
2025-11-30 14:36:04,602 [WARNING] app: Falha ao conectar com davi_63273@UNB: [WinError 1225] O computador remoto recusou a conexão de rede
2025-11-30 14:36:06,501 [WARNING] app: Falha ao conectar com davi_3301@UNB: [WinError 1225] O computador remoto recusou a conexão de rede
2025-11-30 14:36:06,640 [WARNING] app: Falha ao conectar com davi_3295@UNB: [WinError 1225] O computador remoto recusou a conexão de rede
2025-11-30 14:36:08,546 [WARNING] app: Falha ao conectar com davi_38241@UNB: [WinError 1225] O computador remoto recusou a conexão de rede
2025-11-30 14:36:08,688 [WARNING] app: Falha ao conectar com davi_3301@UNB: [WinError 1225] O computador remoto recusou a conexão de rede
2025-11-30 14:36:10,587 [WARNING] app: Falha ao conectar com davi_38252@UNB: [WinError 1225] O computador remoto recusou a conexão de rede
2025-11-30 14:36:10,726 [WARNING] app: Falha ao conectar com davi_38241@UNB: [WinError 1225] O computador remoto recusou a conexão de rede
2025-11-30 14:36:12,776 [WARNING] app: Falha ao conectar com davi_38252@UNB: [WinError 1225] O computador remoto recusou a conexão de rede
2025-11-30 14:38:19,960 [WARNING] app: Resposta vazia do peer davi_22382@UNB!
